Flow report for vgapart
Fri Jun 23 09:14:00 2023
Quartus II 64-Bit Version 13.1.0 Build 162 10/23/2013 SJ Web Edition


---------------------
; Table of Contents ;
---------------------
  1. Legal Notice
  2. Flow Summary
  3. Flow Settings
  4. Flow Non-Default Global Settings
  5. Flow Elapsed Time
  6. Flow OS Summary
  7. Flow Log
  8. Flow Messages
  9. Flow Suppressed Messages



----------------
; Legal Notice ;
----------------
Copyright (C) 1991-2013 Altera Corporation
Your use of Altera Corporation's design tools, logic functions 
and other software and tools, and its AMPP partner logic 
functions, and any output files from any of the foregoing 
(including device programming or simulation files), and any 
associated documentation or information are expressly subject 
to the terms and conditions of the Altera Program License 
Subscription Agreement, Altera MegaCore Function License 
Agreement, or other applicable license agreement, including, 
without limitation, that your use is for the sole purpose of 
programming logic devices manufactured by Altera and sold by 
Altera or its authorized distributors.  Please refer to the 
applicable agreement for further details.



+------------------------------------------------------------------------------+
; Flow Summary                                                                 ;
+---------------------------------+--------------------------------------------+
; Flow Status                     ; Successful - Fri Jun 23 09:14:00 2023      ;
; Quartus II 64-Bit Version       ; 13.1.0 Build 162 10/23/2013 SJ Web Edition ;
; Revision Name                   ; vgapart                                    ;
; Top-level Entity Name           ; vga_main                                   ;
; Family                          ; Cyclone V                                  ;
; Device                          ; 5CSEMA5F31C6                               ;
; Timing Models                   ; Preliminary                                ;
; Logic utilization (in ALMs)     ; 23,629 / 32,070 ( 74 % )                   ;
; Total registers                 ; 603                                        ;
; Total pins                      ; 32 / 457 ( 7 % )                           ;
; Total virtual pins              ; 0                                          ;
; Total block memory bits         ; 0 / 4,065,280 ( 0 % )                      ;
; Total DSP Blocks                ; 87 / 87 ( 100 % )                          ;
; Total HSSI RX PCSs              ; 0                                          ;
; Total HSSI PMA RX Deserializers ; 0                                          ;
; Total HSSI TX PCSs              ; 0                                          ;
; Total HSSI TX Channels          ; 0                                          ;
; Total PLLs                      ; 0 / 6 ( 0 % )                              ;
; Total DLLs                      ; 0 / 4 ( 0 % )                              ;
+---------------------------------+--------------------------------------------+


+-----------------------------------------+
; Flow Settings                           ;
+-------------------+---------------------+
; Option            ; Setting             ;
+-------------------+---------------------+
; Start date & time ; 06/23/2023 08:51:10 ;
; Main task         ; Compilation         ;
; Revision Name     ; vgapart             ;
+-------------------+---------------------+


+----------------------------------------------------------------------------------------------------------------------------+
; Flow Non-Default Global Settings                                                                                           ;
+-------------------------------------+---------------------------------------+---------------+-------------+----------------+
; Assignment Name                     ; Value                                 ; Default Value ; Entity Name ; Section Id     ;
+-------------------------------------+---------------------------------------+---------------+-------------+----------------+
; COMPILER_SIGNATURE_ID               ; 220449206504488.168749947019352       ; --            ; --          ; --             ;
; EDA_OUTPUT_DATA_FORMAT              ; Verilog Hdl                           ; --            ; --          ; eda_simulation ;
; EDA_SIMULATION_TOOL                 ; ModelSim-Altera (Verilog)             ; <None>        ; --          ; --             ;
; MAX_CORE_JUNCTION_TEMP              ; 85                                    ; --            ; --          ; --             ;
; MIN_CORE_JUNCTION_TEMP              ; 0                                     ; --            ; --          ; --             ;
; PARTITION_COLOR                     ; 16764057                              ; --            ; vga_main    ; Top            ;
; PARTITION_FITTER_PRESERVATION_LEVEL ; PLACEMENT_AND_ROUTING                 ; --            ; vga_main    ; Top            ;
; PARTITION_NETLIST_TYPE              ; SOURCE                                ; --            ; vga_main    ; Top            ;
; POWER_BOARD_THERMAL_MODEL           ; None (CONSERVATIVE)                   ; --            ; --          ; --             ;
; POWER_PRESET_COOLING_SOLUTION       ; 23 MM HEAT SINK WITH 200 LFPM AIRFLOW ; --            ; --          ; --             ;
; PROJECT_OUTPUT_DIRECTORY            ; output_files                          ; --            ; --          ; --             ;
; TOP_LEVEL_ENTITY                    ; vga_main                              ; vgapart       ; --          ; --             ;
+-------------------------------------+---------------------------------------+---------------+-------------+----------------+


+-------------------------------------------------------------------------------------------------------------------------------+
; Flow Elapsed Time                                                                                                             ;
+---------------------------+--------------+-------------------------+---------------------+------------------------------------+
; Module Name               ; Elapsed Time ; Average Processors Used ; Peak Virtual Memory ; Total CPU Time (on all processors) ;
+---------------------------+--------------+-------------------------+---------------------+------------------------------------+
; Analysis & Synthesis      ; 00:04:57     ; 7.7                     ; 5483 MB             ; 00:06:24                           ;
; Fitter                    ; 00:16:39     ; 7.4                     ; 7236 MB             ; 00:21:44                           ;
; Assembler                 ; 00:00:18     ; 1.0                     ; 5046 MB             ; 00:00:18                           ;
; TimeQuest Timing Analyzer ; 00:00:30     ; 5.6                     ; 5723 MB             ; 00:02:18                           ;
; EDA Netlist Writer        ; 00:00:10     ; 1.0                     ; 5134 MB             ; 00:00:09                           ;
; Total                     ; 00:22:34     ; --                      ; --                  ; 00:30:53                           ;
+---------------------------+--------------+-------------------------+---------------------+------------------------------------+


+----------------------------------------------------------------------------------------+
; Flow OS Summary                                                                        ;
+---------------------------+------------------+-----------+------------+----------------+
; Module Name               ; Machine Hostname ; OS Name   ; OS Version ; Processor type ;
+---------------------------+------------------+-----------+------------+----------------+
; Analysis & Synthesis      ; LAPTOP-UH75DMMC  ; Windows 7 ; 6.2        ; x86_64         ;
; Fitter                    ; LAPTOP-UH75DMMC  ; Windows 7 ; 6.2        ; x86_64         ;
; Assembler                 ; LAPTOP-UH75DMMC  ; Windows 7 ; 6.2        ; x86_64         ;
; TimeQuest Timing Analyzer ; LAPTOP-UH75DMMC  ; Windows 7 ; 6.2        ; x86_64         ;
; EDA Netlist Writer        ; LAPTOP-UH75DMMC  ; Windows 7 ; 6.2        ; x86_64         ;
+---------------------------+------------------+-----------+------------+----------------+


------------
; Flow Log ;
------------
quartus_map --read_settings_files=on --write_settings_files=off vgapart -c vgapart
quartus_fit --read_settings_files=off --write_settings_files=off vgapart -c vgapart
quartus_asm --read_settings_files=off --write_settings_files=off vgapart -c vgapart
quartus_sta vgapart -c vgapart
quartus_eda --read_settings_files=off --write_settings_files=off vgapart -c vgapart



